<?xml version="1.0" encoding="UTF-8"?>
<!-- Generated by org.testng.reporters.JUnitReportReporter -->
<testsuite hostname="DESKTOP-45LN54O" failures="0" tests="2" name="com.cucumber.testrunner.TestRunner" time="14.440" errors="0" timestamp="2021-05-20T13:18:15 IST" skipped="0">
  <testcase classname="com.cucumber.testrunner.TestRunner" name="runScenario" time="6.364"/>
  <system-out/>
  <testcase classname="com.cucumber.testrunner.TestRunner" name="runScenario" time="8.076"/>
  <system-out/>
</testsuite> <!-- com.cucumber.testrunner.TestRunner -->
